---------------------------------------------------------------
[ 2018-08-09T22:48:35+08:00 ] 180.88.13.187 POST /index.php/index/Hot/popThree
[ info ] test2.8haoqianzhuang.com/index.php/index/Hot/popThree [运行时间：0.076027s][吞吐率：13.15req/s] [内存消耗：1,700.83kb] [文件加载：46]
[ info ] [ LANG ] /data/wwwroot/default/zuanbaodai/bank8/thinkphp/lang/zh-cn.php
[ info ] [ ROUTE ] array (
  'type' => 'module',
  'module' => 
  array (
    0 => 'index',
    1 => 'Hot',
    2 => 'popThree',
  ),
)
[ info ] [ HEADER ] array (
  'content-length' => '18',
  'accept-encoding' => 'gzip',
  'host' => 'test2.8haoqianzhuang.com',
  'user-agent' => 'Dalvik/2.1.0 (Linux; U; Android 8.0.0; LLD-AL00 Build/HONORLLD-AL00)',
  'content-type' => 'multipart/form-data;boundary=AAAMVIIZZZ',
  'accept-charset' => 'UTF-8',
  'charset' => 'UTF-8',
  'connection' => 'Keep-Alive',
  'version' => '2.5.0',
  'deviceid' => '305c6b382760b0f28WXNW18326000538',
  'tokenid' => 'qvUjtHrcaSV6n0Uzpxw0109',
)
[ info ] [ PARAM ] array (
)
[ info ] [ RUN ] app\index\controller\Hot->popThree[ /data/wwwroot/default/zuanbaodai/bank8/application/index/controller/Hot.php ]
[ info ] [ DB ] INIT mysql
[ info ] [ LOG ] INIT File
[ sql ] [ DB ] CONNECT:[ UseTime:0.002626s ] mysql:host=localhost;dbname=bank8s;charset=utf8
[ sql ] [ SQL ] SHOW COLUMNS FROM `ba_hot_good` [ RunTime:0.001778s ]
[ sql ] [ SQL ] SELECT * FROM `ba_hot_good` ORDER BY rank asc LIMIT 3,10 [ RunTime:0.001584s ]
---------------------------------------------------------------
[ 2018-08-09T22:48:35+08:00 ] 180.88.13.187 POST /index.php/index/Hot/popTwo
[ info ] test2.8haoqianzhuang.com/index.php/index/Hot/popTwo [运行时间：0.078770s][吞吐率：12.70req/s] [内存消耗：1,698.38kb] [文件加载：46]
[ info ] [ LANG ] /data/wwwroot/default/zuanbaodai/bank8/thinkphp/lang/zh-cn.php
[ info ] [ ROUTE ] array (
  'type' => 'module',
  'module' => 
  array (
    0 => 'index',
    1 => 'Hot',
    2 => 'popTwo',
  ),
)
[ info ] [ HEADER ] array (
  'content-length' => '18',
  'accept-encoding' => 'gzip',
  'host' => 'test2.8haoqianzhuang.com',
  'user-agent' => 'Dalvik/2.1.0 (Linux; U; Android 8.0.0; LLD-AL00 Build/HONORLLD-AL00)',
  'content-type' => 'multipart/form-data;boundary=AAAMVIIZZZ',
  'accept-charset' => 'UTF-8',
  'charset' => 'UTF-8',
  'connection' => 'Keep-Alive',
  'version' => '2.5.0',
  'deviceid' => '305c6b382760b0f28WXNW18326000538',
  'tokenid' => 'qvUjtHrcaSV6n0Uzpxw0109',
)
[ info ] [ PARAM ] array (
)
[ info ] [ RUN ] app\index\controller\Hot->popTwo[ /data/wwwroot/default/zuanbaodai/bank8/application/index/controller/Hot.php ]
[ info ] [ DB ] INIT mysql
[ info ] [ LOG ] INIT File
[ sql ] [ DB ] CONNECT:[ UseTime:0.002092s ] mysql:host=localhost;dbname=bank8s;charset=utf8
[ sql ] [ SQL ] SHOW COLUMNS FROM `ba_hot_good` [ RunTime:0.002747s ]
[ sql ] [ SQL ] SELECT * FROM `ba_hot_good` ORDER BY rank asc LIMIT 1,2 [ RunTime:0.000774s ]
---------------------------------------------------------------
[ 2018-08-09T22:48:38+08:00 ] 180.88.13.187 POST /index.php/index/user/users
[ info ] test2.8haoqianzhuang.com/index.php/index/user/users [运行时间：0.027846s][吞吐率：35.91req/s] [内存消耗：1,888.94kb] [文件加载：46]
[ info ] [ LANG ] /data/wwwroot/default/zuanbaodai/bank8/thinkphp/lang/zh-cn.php
[ info ] [ ROUTE ] array (
  'type' => 'module',
  'module' => 
  array (
    0 => 'index',
    1 => 'user',
    2 => 'users',
  ),
)
[ info ] [ HEADER ] array (
  'content-length' => '18',
  'accept-encoding' => 'gzip',
  'host' => 'test2.8haoqianzhuang.com',
  'user-agent' => 'Dalvik/2.1.0 (Linux; U; Android 8.0.0; LLD-AL00 Build/HONORLLD-AL00)',
  'content-type' => 'multipart/form-data;boundary=AAAMVIIZZZ',
  'accept-charset' => 'UTF-8',
  'charset' => 'UTF-8',
  'connection' => 'Keep-Alive',
  'version' => '2.5.0',
  'deviceid' => '305c6b382760b0f28WXNW18326000538',
  'tokenid' => 'qvUjtHrcaSV6n0Uzpxw0109',
)
[ info ] [ PARAM ] array (
)
[ info ] [ RUN ] app\index\controller\User->users[ /data/wwwroot/default/zuanbaodai/bank8/application/index/controller/User.php ]
[ info ] [ DB ] INIT mysql
[ info ] [ LOG ] INIT File
[ sql ] [ DB ] CONNECT:[ UseTime:0.000240s ] mysql:host=localhost;dbname=bank8s;charset=utf8
[ sql ] [ SQL ] SHOW COLUMNS FROM `ba_user` [ RunTime:0.000706s ]
[ sql ] [ SQL ] SELECT * FROM `ba_user` WHERE  `user_id` = 109 LIMIT 1 [ RunTime:0.000237s ]
[ sql ] [ SQL ] SHOW COLUMNS FROM `ba_matching` [ RunTime:0.000577s ]
[ sql ] [ SQL ] SELECT COUNT(*) AS tp_count FROM `ba_matching` WHERE  `user_id` = 109  AND `good_id` > 0 LIMIT 1 [ RunTime:0.000170s ]
[ sql ] [ SQL ] SHOW COLUMNS FROM `ba_order` [ RunTime:0.000522s ]
[ sql ] [ SQL ] SELECT COUNT(*) AS tp_count FROM `ba_order` WHERE  `user_id` = 109  AND (  `orderType` = '开始受理' OR ( `orderType` = '待接单' OR `orderType` = '待沟通' OR `orderType` = '准备资料' OR `orderType` = '待签约' OR `orderType` = '审核中' OR `orderType` = '待放款' OR `orderType` = '已放款' OR `orderType` = '订单转移' ) ) LIMIT 1 [ RunTime:0.000203s ]
[ sql ] [ SQL ] SELECT COUNT(*) AS tp_count FROM `ba_order` WHERE  `user_id` = 109  AND (  `orderType` = '已放款' OR ( `orderType` = '已完成' OR `orderType` = '订单失败' ) ) LIMIT 1 [ RunTime:0.000167s ]
[ sql ] [ SQL ] SELECT COUNT(*) AS tp_count FROM `ba_order` WHERE  `user_id` = 109  AND (  `orderType` = '开始受理' OR ( `orderType` = '待接单' OR `orderType` = '待沟通' OR `orderType` = '准备资料' OR `orderType` = '待签约' OR `orderType` = '审核中' OR `orderType` = '待放款' OR `orderType` = '订单转移' ) ) LIMIT 1 [ RunTime:0.000186s ]
[ sql ] [ SQL ] SELECT COUNT(*) AS tp_count FROM `ba_order` WHERE  `user_id` = 109 LIMIT 1 [ RunTime:0.000138s ]
[ sql ] [ SQL ] SELECT COUNT(*) AS tp_count FROM `ba_order` WHERE  `user_id` = 109  AND `orderType` = '已放款' LIMIT 1 [ RunTime:0.000149s ]
---------------------------------------------------------------
[ 2018-08-09T22:48:49+08:00 ] 180.88.13.187 POST /index.php/index/user/users
[ info ] test2.8haoqianzhuang.com/index.php/index/user/users [运行时间：0.027520s][吞吐率：36.34req/s] [内存消耗：1,888.94kb] [文件加载：46]
[ info ] [ LANG ] /data/wwwroot/default/zuanbaodai/bank8/thinkphp/lang/zh-cn.php
[ info ] [ ROUTE ] array (
  'type' => 'module',
  'module' => 
  array (
    0 => 'index',
    1 => 'user',
    2 => 'users',
  ),
)
[ info ] [ HEADER ] array (
  'content-length' => '18',
  'accept-encoding' => 'gzip',
  'host' => 'test2.8haoqianzhuang.com',
  'user-agent' => 'Dalvik/2.1.0 (Linux; U; Android 8.0.0; LLD-AL00 Build/HONORLLD-AL00)',
  'content-type' => 'multipart/form-data;boundary=AAAMVIIZZZ',
  'accept-charset' => 'UTF-8',
  'charset' => 'UTF-8',
  'connection' => 'Keep-Alive',
  'version' => '2.5.0',
  'deviceid' => '305c6b382760b0f28WXNW18326000538',
  'tokenid' => 'qvUjtHrcaSV6n0Uzpxw0109',
)
[ info ] [ PARAM ] array (
)
[ info ] [ RUN ] app\index\controller\User->users[ /data/wwwroot/default/zuanbaodai/bank8/application/index/controller/User.php ]
[ info ] [ DB ] INIT mysql
[ info ] [ LOG ] INIT File
[ sql ] [ DB ] CONNECT:[ UseTime:0.000222s ] mysql:host=localhost;dbname=bank8s;charset=utf8
[ sql ] [ SQL ] SHOW COLUMNS FROM `ba_user` [ RunTime:0.000759s ]
[ sql ] [ SQL ] SELECT * FROM `ba_user` WHERE  `user_id` = 109 LIMIT 1 [ RunTime:0.000248s ]
[ sql ] [ SQL ] SHOW COLUMNS FROM `ba_matching` [ RunTime:0.000586s ]
[ sql ] [ SQL ] SELECT COUNT(*) AS tp_count FROM `ba_matching` WHERE  `user_id` = 109  AND `good_id` > 0 LIMIT 1 [ RunTime:0.000189s ]
[ sql ] [ SQL ] SHOW COLUMNS FROM `ba_order` [ RunTime:0.000518s ]
[ sql ] [ SQL ] SELECT COUNT(*) AS tp_count FROM `ba_order` WHERE  `user_id` = 109  AND (  `orderType` = '开始受理' OR ( `orderType` = '待接单' OR `orderType` = '待沟通' OR `orderType` = '准备资料' OR `orderType` = '待签约' OR `orderType` = '审核中' OR `orderType` = '待放款' OR `orderType` = '已放款' OR `orderType` = '订单转移' ) ) LIMIT 1 [ RunTime:0.000227s ]
[ sql ] [ SQL ] SELECT COUNT(*) AS tp_count FROM `ba_order` WHERE  `user_id` = 109  AND (  `orderType` = '已放款' OR ( `orderType` = '已完成' OR `orderType` = '订单失败' ) ) LIMIT 1 [ RunTime:0.000177s ]
[ sql ] [ SQL ] SELECT COUNT(*) AS tp_count FROM `ba_order` WHERE  `user_id` = 109  AND (  `orderType` = '开始受理' OR ( `orderType` = '待接单' OR `orderType` = '待沟通' OR `orderType` = '准备资料' OR `orderType` = '待签约' OR `orderType` = '审核中' OR `orderType` = '待放款' OR `orderType` = '订单转移' ) ) LIMIT 1 [ RunTime:0.000203s ]
[ sql ] [ SQL ] SELECT COUNT(*) AS tp_count FROM `ba_order` WHERE  `user_id` = 109 LIMIT 1 [ RunTime:0.000186s ]
[ sql ] [ SQL ] SELECT COUNT(*) AS tp_count FROM `ba_order` WHERE  `user_id` = 109  AND `orderType` = '已放款' LIMIT 1 [ RunTime:0.000158s ]
---------------------------------------------------------------
[ 2018-08-09T22:49:09+08:00 ] 117.136.79.52 POST /index.php/index/Homepage/good
[ info ] test2.8haoqianzhuang.com/index.php/index/Homepage/good [运行时间：0.025864s][吞吐率：38.66req/s] [内存消耗：1,768.24kb] [文件加载：46]
[ info ] [ LANG ] /data/wwwroot/default/zuanbaodai/bank8/thinkphp/lang/zh-cn.php
[ info ] [ ROUTE ] array (
  'type' => 'module',
  'module' => 
  array (
    0 => 'index',
    1 => 'Homepage',
    2 => 'good',
  ),
)
[ info ] [ HEADER ] array (
  'cookie' => 'PHPSESSID=5cqae0il7io83qeit6b6tb4o47',
  'content-length' => '27',
  'connection' => 'keep-alive',
  'user-agent' => '8hao qian/2.1.2 (iPhone; iOS 10.3.3; Scale/2.00)',
  'deviceid' => '12E924D62D82420C98B5BE5DECCA40BD',
  'content-type' => 'application/x-www-form-urlencoded',
  'tokenid' => 'vB9F2oai6fcKlPOvOrnt109',
  'accept-encoding' => 'gzip, deflate',
  'accept-language' => 'zh-Hans-CN;q=1',
  'version' => '2.1.2',
  'accept' => '*/*',
  'host' => 'test2.8haoqianzhuang.com',
)
[ info ] [ PARAM ] array (
  'cityName' => '广州',
)
[ info ] [ RUN ] app\index\controller\Homepage->good[ /data/wwwroot/default/zuanbaodai/bank8/application/index/controller/Homepage.php ]
[ info ] [ DB ] INIT mysql
[ info ] [ LOG ] INIT File
[ sql ] [ DB ] CONNECT:[ UseTime:0.000214s ] mysql:host=localhost;dbname=bank8s;charset=utf8
[ sql ] [ SQL ] SHOW COLUMNS FROM `ba_good` [ RunTime:0.000710s ]
[ sql ] [ SQL ] SELECT `goodName`,`good_id`,`goodtype`,`label`,`picture`,`bank`.`bankname`,`bank`.`logo`,`putaway`,`popularity`,`limit`,`accrual`,`hot` FROM `ba_good` LEFT JOIN `ba_bank` `bank` ON `bankid`=`bank`.`b_id` WHERE  `city` LIKE '%广州%'  AND `putaway` = 1 ORDER BY ratio asc LIMIT 6 [ RunTime:0.000273s ]
[ sql ] [ SQL ] SHOW COLUMNS FROM `ba_collects` [ RunTime:0.000434s ]
[ sql ] [ SQL ] SELECT * FROM `ba_collects` WHERE  `user_id` = 109  AND `good_id` = 10407 LIMIT 1 [ RunTime:0.000165s ]
[ sql ] [ SQL ] SELECT * FROM `ba_collects` WHERE  `user_id` = 109  AND `good_id` = 218 LIMIT 1 [ RunTime:0.000158s ]
[ sql ] [ SQL ] SELECT * FROM `ba_collects` WHERE  `user_id` = 109  AND `good_id` = 221 LIMIT 1 [ RunTime:0.000153s ]
[ sql ] [ SQL ] SELECT * FROM `ba_collects` WHERE  `user_id` = 109  AND `good_id` = 223 LIMIT 1 [ RunTime:0.000180s ]
[ sql ] [ SQL ] SELECT * FROM `ba_collects` WHERE  `user_id` = 109  AND `good_id` = 224 LIMIT 1 [ RunTime:0.000153s ]
[ sql ] [ SQL ] SELECT * FROM `ba_collects` WHERE  `user_id` = 109  AND `good_id` = 227 LIMIT 1 [ RunTime:0.000152s ]
---------------------------------------------------------------
[ 2018-08-09T22:49:14+08:00 ] 117.136.79.52 POST /index.php/index/Homepage/good
[ info ] test2.8haoqianzhuang.com/index.php/index/Homepage/good [运行时间：0.024441s][吞吐率：40.91req/s] [内存消耗：1,768.24kb] [文件加载：46]
[ info ] [ LANG ] /data/wwwroot/default/zuanbaodai/bank8/thinkphp/lang/zh-cn.php
[ info ] [ ROUTE ] array (
  'type' => 'module',
  'module' => 
  array (
    0 => 'index',
    1 => 'Homepage',
    2 => 'good',
  ),
)
[ info ] [ HEADER ] array (
  'cookie' => 'PHPSESSID=5cqae0il7io83qeit6b6tb4o47',
  'content-length' => '27',
  'connection' => 'keep-alive',
  'user-agent' => '8hao qian/2.1.2 (iPhone; iOS 10.3.3; Scale/2.00)',
  'deviceid' => '12E924D62D82420C98B5BE5DECCA40BD',
  'content-type' => 'application/x-www-form-urlencoded',
  'tokenid' => 'vB9F2oai6fcKlPOvOrnt109',
  'accept-encoding' => 'gzip, deflate',
  'accept-language' => 'zh-Hans-CN;q=1',
  'version' => '2.1.2',
  'accept' => '*/*',
  'host' => 'test2.8haoqianzhuang.com',
)
[ info ] [ PARAM ] array (
  'cityName' => '广州',
)
[ info ] [ RUN ] app\index\controller\Homepage->good[ /data/wwwroot/default/zuanbaodai/bank8/application/index/controller/Homepage.php ]
[ info ] [ DB ] INIT mysql
[ info ] [ LOG ] INIT File
[ sql ] [ DB ] CONNECT:[ UseTime:0.000215s ] mysql:host=localhost;dbname=bank8s;charset=utf8
[ sql ] [ SQL ] SHOW COLUMNS FROM `ba_good` [ RunTime:0.000775s ]
[ sql ] [ SQL ] SELECT `goodName`,`good_id`,`goodtype`,`label`,`picture`,`bank`.`bankname`,`bank`.`logo`,`putaway`,`popularity`,`limit`,`accrual`,`hot` FROM `ba_good` LEFT JOIN `ba_bank` `bank` ON `bankid`=`bank`.`b_id` WHERE  `city` LIKE '%广州%'  AND `putaway` = 1 ORDER BY ratio asc LIMIT 6 [ RunTime:0.000303s ]
[ sql ] [ SQL ] SHOW COLUMNS FROM `ba_collects` [ RunTime:0.000398s ]
[ sql ] [ SQL ] SELECT * FROM `ba_collects` WHERE  `user_id` = 109  AND `good_id` = 10407 LIMIT 1 [ RunTime:0.000161s ]
[ sql ] [ SQL ] SELECT * FROM `ba_collects` WHERE  `user_id` = 109  AND `good_id` = 218 LIMIT 1 [ RunTime:0.000159s ]
[ sql ] [ SQL ] SELECT * FROM `ba_collects` WHERE  `user_id` = 109  AND `good_id` = 221 LIMIT 1 [ RunTime:0.000153s ]
[ sql ] [ SQL ] SELECT * FROM `ba_collects` WHERE  `user_id` = 109  AND `good_id` = 223 LIMIT 1 [ RunTime:0.000151s ]
[ sql ] [ SQL ] SELECT * FROM `ba_collects` WHERE  `user_id` = 109  AND `good_id` = 224 LIMIT 1 [ RunTime:0.000180s ]
[ sql ] [ SQL ] SELECT * FROM `ba_collects` WHERE  `user_id` = 109  AND `good_id` = 227 LIMIT 1 [ RunTime:0.000152s ]
---------------------------------------------------------------
[ 2018-08-09T22:49:29+08:00 ] 180.88.13.187 POST /index.php/index/Stair/service
[ info ] test2.8haoqianzhuang.com/index.php/index/Stair/service [运行时间：0.030129s][吞吐率：33.19req/s] [内存消耗：1,153.31kb] [文件加载：39]
[ info ] [ LANG ] /data/wwwroot/default/zuanbaodai/bank8/thinkphp/lang/zh-cn.php
[ info ] [ ROUTE ] array (
  'type' => 'module',
  'module' => 
  array (
    0 => 'index',
    1 => 'Stair',
    2 => 'service',
  ),
)
[ info ] [ HEADER ] array (
  'content-length' => '89',
  'accept-encoding' => 'gzip',
  'host' => 'test2.8haoqianzhuang.com',
  'user-agent' => 'Dalvik/2.1.0 (Linux; U; Android 8.0.0; LLD-AL00 Build/HONORLLD-AL00)',
  'content-type' => 'multipart/form-data;boundary=AAAMVIIZZZ',
  'accept-charset' => 'UTF-8',
  'charset' => 'UTF-8',
  'connection' => 'Keep-Alive',
  'version' => '2.5.0',
  'deviceid' => '305c6b382760b0f28WXNW18326000538',
  'tokenid' => 'qvUjtHrcaSV6n0Uzpxw0109',
)
[ info ] [ PARAM ] array (
  'cityName' => '广州',
)
[ info ] [ RUN ] app\index\controller\Stair->service[ /data/wwwroot/default/zuanbaodai/bank8/application/index/controller/Stair.php ]
[ info ] [ LOG ] INIT File
---------------------------------------------------------------
[ 2018-08-09T22:49:29+08:00 ] 180.88.13.187 POST /index.php/index/Configuration/huawei
[ info ] test2.8haoqianzhuang.com/index.php/index/Configuration/huawei [运行时间：0.036420s][吞吐率：27.46req/s] [内存消耗：1,759.85kb] [文件加载：46]
[ info ] [ LANG ] /data/wwwroot/default/zuanbaodai/bank8/thinkphp/lang/zh-cn.php
[ info ] [ ROUTE ] array (
  'type' => 'module',
  'module' => 
  array (
    0 => 'index',
    1 => 'Configuration',
    2 => 'huawei',
  ),
)
[ info ] [ HEADER ] array (
  'content-length' => '87',
  'accept-encoding' => 'gzip',
  'host' => 'test2.8haoqianzhuang.com',
  'user-agent' => 'Dalvik/2.1.0 (Linux; U; Android 8.0.0; LLD-AL00 Build/HONORLLD-AL00)',
  'content-type' => 'multipart/form-data;boundary=AAAMVIIZZZ',
  'accept-charset' => 'UTF-8',
  'charset' => 'UTF-8',
  'connection' => 'Keep-Alive',
  'version' => '2.5.0',
  'deviceid' => '305c6b382760b0f28WXNW18326000538',
  'tokenid' => 'qvUjtHrcaSV6n0Uzpxw0109',
)
[ info ] [ PARAM ] array (
  'version' => '2.5.0',
)
[ info ] [ RUN ] app\index\controller\Configuration->huawei[ /data/wwwroot/default/zuanbaodai/bank8/application/index/controller/Configuration.php ]
[ info ] [ DB ] INIT mysql
[ info ] [ LOG ] INIT File
[ sql ] [ DB ] CONNECT:[ UseTime:0.000201s ] mysql:host=localhost;dbname=bank8s;charset=utf8
[ sql ] [ SQL ] SHOW COLUMNS FROM `ba_a_configuration` [ RunTime:0.000590s ]
[ sql ] [ SQL ] SELECT * FROM `ba_a_configuration` WHERE  `id` = 2 LIMIT 1 [ RunTime:0.000193s ]
---------------------------------------------------------------
[ 2018-08-09T22:49:29+08:00 ] 180.88.13.187 POST /index.php/index/Stair/city
[ info ] test2.8haoqianzhuang.com/index.php/index/Stair/city [运行时间：0.030786s][吞吐率：32.48req/s] [内存消耗：1,152.85kb] [文件加载：39]
[ info ] [ LANG ] /data/wwwroot/default/zuanbaodai/bank8/thinkphp/lang/zh-cn.php
[ info ] [ ROUTE ] array (
  'type' => 'module',
  'module' => 
  array (
    0 => 'index',
    1 => 'Stair',
    2 => 'city',
  ),
)
[ info ] [ HEADER ] array (
  'content-length' => '18',
  'accept-encoding' => 'gzip',
  'host' => 'test2.8haoqianzhuang.com',
  'user-agent' => 'Dalvik/2.1.0 (Linux; U; Android 8.0.0; LLD-AL00 Build/HONORLLD-AL00)',
  'content-type' => 'multipart/form-data;boundary=AAAMVIIZZZ',
  'accept-charset' => 'UTF-8',
  'charset' => 'UTF-8',
  'connection' => 'Keep-Alive',
  'version' => '2.5.0',
  'deviceid' => '305c6b382760b0f28WXNW18326000538',
  'tokenid' => 'qvUjtHrcaSV6n0Uzpxw0109',
)
[ info ] [ PARAM ] array (
)
[ info ] [ RUN ] app\index\controller\Stair->city[ /data/wwwroot/default/zuanbaodai/bank8/application/index/controller/Stair.php ]
[ info ] [ LOG ] INIT File
---------------------------------------------------------------
[ 2018-08-09T22:49:29+08:00 ] 180.88.13.187 POST /index.php/index/Homepage/journalism
[ info ] test2.8haoqianzhuang.com/index.php/index/Homepage/journalism [运行时间：0.037090s][吞吐率：26.96req/s] [内存消耗：1,813.95kb] [文件加载：49]
[ info ] [ LANG ] /data/wwwroot/default/zuanbaodai/bank8/thinkphp/lang/zh-cn.php
[ info ] [ ROUTE ] array (
  'type' => 'module',
  'module' => 
  array (
    0 => 'index',
    1 => 'Homepage',
    2 => 'journalism',
  ),
)
[ info ] [ HEADER ] array (
  'content-length' => '18',
  'accept-encoding' => 'gzip',
  'host' => 'test2.8haoqianzhuang.com',
  'user-agent' => 'Dalvik/2.1.0 (Linux; U; Android 8.0.0; LLD-AL00 Build/HONORLLD-AL00)',
  'content-type' => 'multipart/form-data;boundary=AAAMVIIZZZ',
  'accept-charset' => 'UTF-8',
  'charset' => 'UTF-8',
  'connection' => 'Keep-Alive',
  'version' => '2.5.0',
  'deviceid' => '305c6b382760b0f28WXNW18326000538',
  'tokenid' => 'qvUjtHrcaSV6n0Uzpxw0109',
)
[ info ] [ PARAM ] array (
)
[ info ] [ RUN ] app\index\controller\Homepage->journalism[ /data/wwwroot/default/zuanbaodai/bank8/application/index/controller/Homepage.php ]
[ info ] [ DB ] INIT mysql
[ info ] [ LOG ] INIT File
[ sql ] [ DB ] CONNECT:[ UseTime:0.000194s ] mysql:host=localhost;dbname=bank8s;charset=utf8
[ sql ] [ SQL ] SHOW COLUMNS FROM `ba_journalism` [ RunTime:0.000629s ]
[ sql ] [ SQL ] SELECT `journalism_id`,`headline` FROM `ba_journalism` WHERE  `status` = 1 ORDER BY addtime desc [ RunTime:0.000205s ]
[ error ] [8]未定义变量: http[/data/wwwroot/default/zuanbaodai/bank8/application/index/controller/Homepage.php:32]
---------------------------------------------------------------
[ 2018-08-09T22:49:30+08:00 ] 180.88.13.187 POST /index.php/index/Homepage/activity
[ info ] test2.8haoqianzhuang.com/index.php/index/Homepage/activity [运行时间：0.042629s][吞吐率：23.46req/s] [内存消耗：1,184.96kb] [文件加载：39]
[ info ] [ LANG ] /data/wwwroot/default/zuanbaodai/bank8/thinkphp/lang/zh-cn.php
[ info ] [ ROUTE ] array (
  'type' => 'module',
  'module' => 
  array (
    0 => 'index',
    1 => 'Homepage',
    2 => 'activity',
  ),
)
[ info ] [ HEADER ] array (
  'content-length' => '18',
  'accept-encoding' => 'gzip',
  'host' => 'test2.8haoqianzhuang.com',
  'user-agent' => 'Dalvik/2.1.0 (Linux; U; Android 8.0.0; LLD-AL00 Build/HONORLLD-AL00)',
  'content-type' => 'multipart/form-data;boundary=AAAMVIIZZZ',
  'accept-charset' => 'UTF-8',
  'charset' => 'UTF-8',
  'connection' => 'Keep-Alive',
  'version' => '2.5.0',
  'deviceid' => '305c6b382760b0f28WXNW18326000538',
  'tokenid' => 'qvUjtHrcaSV6n0Uzpxw0109',
)
[ info ] [ PARAM ] array (
)
[ info ] [ RUN ] app\index\controller\Homepage->activity[ /data/wwwroot/default/zuanbaodai/bank8/application/index/controller/Homepage.php ]
[ info ] [ LOG ] INIT File
---------------------------------------------------------------
[ 2018-08-09T22:49:30+08:00 ] 180.88.13.187 POST /index.php/index/Homepage/property
[ info ] test2.8haoqianzhuang.com/index.php/index/Homepage/property [运行时间：0.056987s][吞吐率：17.55req/s] [内存消耗：1,759.18kb] [文件加载：46]
[ info ] [ LANG ] /data/wwwroot/default/zuanbaodai/bank8/thinkphp/lang/zh-cn.php
[ info ] [ ROUTE ] array (
  'type' => 'module',
  'module' => 
  array (
    0 => 'index',
    1 => 'Homepage',
    2 => 'property',
  ),
)
[ info ] [ HEADER ] array (
  'content-length' => '18',
  'accept-encoding' => 'gzip',
  'host' => 'test2.8haoqianzhuang.com',
  'user-agent' => 'Dalvik/2.1.0 (Linux; U; Android 8.0.0; LLD-AL00 Build/HONORLLD-AL00)',
  'content-type' => 'multipart/form-data;boundary=AAAMVIIZZZ',
  'accept-charset' => 'UTF-8',
  'charset' => 'UTF-8',
  'connection' => 'Keep-Alive',
  'version' => '2.5.0',
  'deviceid' => '305c6b382760b0f28WXNW18326000538',
  'tokenid' => 'qvUjtHrcaSV6n0Uzpxw0109',
)
[ info ] [ PARAM ] array (
)
[ info ] [ RUN ] app\index\controller\Homepage->property[ /data/wwwroot/default/zuanbaodai/bank8/application/index/controller/Homepage.php ]
[ info ] [ DB ] INIT mysql
[ info ] [ LOG ] INIT File
[ sql ] [ DB ] CONNECT:[ UseTime:0.001642s ] mysql:host=localhost;dbname=bank8s;charset=utf8
[ sql ] [ SQL ] SHOW COLUMNS FROM `ba_b_bill` [ RunTime:0.001173s ]
[ sql ] [ SQL ] SELECT SUM(money) AS tp_sum FROM `ba_b_bill` WHERE  `user_id` = 109  AND `type` = 1  AND `dtime` BETWEEN 1533052800 AND 1535731200 LIMIT 1 [ RunTime:0.000558s ]
[ sql ] [ SQL ] SELECT SUM(money) AS tp_sum FROM `ba_b_bill` WHERE  `user_id` = 109  AND `type` = 2  AND `dtime` BETWEEN 1533052800 AND 1535731200 LIMIT 1 [ RunTime:0.000701s ]
---------------------------------------------------------------
[ 2018-08-09T22:49:30+08:00 ] 180.88.13.187 POST /index.php/index/Homepage/good
[ info ] test2.8haoqianzhuang.com/index.php/index/Homepage/good [运行时间：0.057592s][吞吐率：17.36req/s] [内存消耗：1,768.46kb] [文件加载：46]
[ info ] [ LANG ] /data/wwwroot/default/zuanbaodai/bank8/thinkphp/lang/zh-cn.php
[ info ] [ ROUTE ] array (
  'type' => 'module',
  'module' => 
  array (
    0 => 'index',
    1 => 'Homepage',
    2 => 'good',
  ),
)
[ info ] [ HEADER ] array (
  'content-length' => '89',
  'accept-encoding' => 'gzip',
  'host' => 'test2.8haoqianzhuang.com',
  'user-agent' => 'Dalvik/2.1.0 (Linux; U; Android 8.0.0; LLD-AL00 Build/HONORLLD-AL00)',
  'content-type' => 'multipart/form-data;boundary=AAAMVIIZZZ',
  'accept-charset' => 'UTF-8',
  'charset' => 'UTF-8',
  'connection' => 'Keep-Alive',
  'version' => '2.5.0',
  'deviceid' => '305c6b382760b0f28WXNW18326000538',
  'tokenid' => 'qvUjtHrcaSV6n0Uzpxw0109',
)
[ info ] [ PARAM ] array (
  'cityName' => '广州',
)
[ info ] [ RUN ] app\index\controller\Homepage->good[ /data/wwwroot/default/zuanbaodai/bank8/application/index/controller/Homepage.php ]
[ info ] [ DB ] INIT mysql
[ info ] [ LOG ] INIT File
[ sql ] [ DB ] CONNECT:[ UseTime:0.000170s ] mysql:host=localhost;dbname=bank8s;charset=utf8
[ sql ] [ SQL ] SHOW COLUMNS FROM `ba_good` [ RunTime:0.001297s ]
[ sql ] [ SQL ] SELECT `goodName`,`good_id`,`goodtype`,`label`,`picture`,`bank`.`bankname`,`bank`.`logo`,`putaway`,`popularity`,`limit`,`accrual`,`hot` FROM `ba_good` LEFT JOIN `ba_bank` `bank` ON `bankid`=`bank`.`b_id` WHERE  `city` LIKE '%广州%'  AND `putaway` = 1 ORDER BY ratio asc LIMIT 6 [ RunTime:0.000884s ]
[ sql ] [ SQL ] SHOW COLUMNS FROM `ba_collects` [ RunTime:0.000621s ]
[ sql ] [ SQL ] SELECT * FROM `ba_collects` WHERE  `user_id` = 109  AND `good_id` = 10407 LIMIT 1 [ RunTime:0.000899s ]
[ sql ] [ SQL ] SELECT * FROM `ba_collects` WHERE  `user_id` = 109  AND `good_id` = 218 LIMIT 1 [ RunTime:0.000157s ]
[ sql ] [ SQL ] SELECT * FROM `ba_collects` WHERE  `user_id` = 109  AND `good_id` = 221 LIMIT 1 [ RunTime:0.000156s ]
[ sql ] [ SQL ] SELECT * FROM `ba_collects` WHERE  `user_id` = 109  AND `good_id` = 223 LIMIT 1 [ RunTime:0.001217s ]
[ sql ] [ SQL ] SELECT * FROM `ba_collects` WHERE  `user_id` = 109  AND `good_id` = 224 LIMIT 1 [ RunTime:0.000154s ]
[ sql ] [ SQL ] SELECT * FROM `ba_collects` WHERE  `user_id` = 109  AND `good_id` = 227 LIMIT 1 [ RunTime:0.000172s ]
---------------------------------------------------------------
[ 2018-08-09T22:50:24+08:00 ] 180.88.13.187 POST /index.php/index/Pair/good
[ info ] test2.8haoqianzhuang.com/index.php/index/Pair/good [运行时间：0.061115s][吞吐率：16.36req/s] [内存消耗：1,722.70kb] [文件加载：46]
[ info ] [ LANG ] /data/wwwroot/default/zuanbaodai/bank8/thinkphp/lang/zh-cn.php
[ info ] [ ROUTE ] array (
  'type' => 'module',
  'module' => 
  array (
    0 => 'index',
    1 => 'Pair',
    2 => 'good',
  ),
)
[ info ] [ HEADER ] array (
  'content-length' => '854',
  'accept-encoding' => 'gzip',
  'host' => 'test2.8haoqianzhuang.com',
  'user-agent' => 'Dalvik/2.1.0 (Linux; U; Android 8.0.0; LLD-AL00 Build/HONORLLD-AL00)',
  'content-type' => 'multipart/form-data;boundary=AAAMVIIZZZ',
  'accept-charset' => 'UTF-8',
  'charset' => 'UTF-8',
  'connection' => 'Keep-Alive',
  'version' => '2.5.0',
  'deviceid' => '305c6b382760b0f28WXNW18326000538',
  'tokenid' => 'qvUjtHrcaSV6n0Uzpxw0109',
)
[ info ] [ PARAM ] array (
  'occupation' => '1',
  'socialSecurity' => '2',
  'accumulationFund' => '2',
  'salary' => '2',
  'ownHouse' => '2',
  'ownAutomobile' => '1',
  'ownGuaranteeSlip' => '2',
  'pattern' => '2',
  'cityName' => '广州',
  'vehiclePrice' => '50',
  'vehicleBuyType' => '2',
  'vehicleAge' => '2',
)
[ info ] [ RUN ] app\index\controller\Pair->good[ /data/wwwroot/default/zuanbaodai/bank8/application/index/controller/Pair.php ]
[ info ] [ DB ] INIT mysql
[ info ] [ LOG ] INIT File
[ sql ] [ DB ] CONNECT:[ UseTime:0.002509s ] mysql:host=localhost;dbname=bank8s;charset=utf8
[ sql ] [ SQL ] SHOW COLUMNS FROM `ba_user` [ RunTime:0.001224s ]
[ sql ] [ SQL ] SELECT * FROM `ba_user` WHERE  `user_id` = 109 LIMIT 1 [ RunTime:0.000628s ]
[ sql ] [ SQL ] SHOW COLUMNS FROM `ba_good` [ RunTime:0.001227s ]
[ sql ] [ SQL ] SELECT `goodName`,`ba_good`.`good_id`,`goodtype`,`label`,`picture`,`bank`.`bankname`,`bank`.`logo`,`putaway`,`popularity`,`limit`,`accrual`,`hot` FROM `ba_good` LEFT JOIN `ba_goods_pair` `goods_pair` ON `ba_good`.`good_id`=`goods_pair`.`good_id` LEFT JOIN `ba_bank` `bank` ON `bankid`=`bank`.`b_id` WHERE  `goodtype` = 2  AND `city` LIKE '%广州%'  AND `putaway` = 1  AND `goods_pair`.`vehicleBuyTypeGood` LIKE '%2%'  AND `goods_pair`.`minVehiclePriceGood` <= '50'  AND `goods_pair`.`vehicleAgeGood` LIKE '%2%' ORDER BY ratio asc [ RunTime:0.005529s ]
[ sql ] [ SQL ] SELECT `goodName`,`ba_good`.`good_id`,`goodtype`,`label`,`picture`,`bank`.`bankname`,`bank`.`logo`,`putaway`,`popularity`,`limit`,`accrual`,`hot` FROM `ba_good` LEFT JOIN `ba_goods_pair` `goods_pair` ON `ba_good`.`good_id`=`goods_pair`.`good_id` LEFT JOIN `ba_bank` `bank` ON `bankid`=`bank`.`b_id` WHERE  `goodtype` = 2  AND `city` LIKE '%广州%'  AND `putaway` = 1  AND `goods_pair`.`vehicleBuyTypeGood` LIKE '%2%'  AND `goods_pair`.`minVehiclePriceGood` <= '50'  AND `goods_pair`.`vehicleAgeGood` LIKE '%2%' ORDER BY rand() LIMIT 10 [ RunTime:0.005597s ]
[ sql ] [ SQL ] SHOW COLUMNS FROM `ba_matching` [ RunTime:0.000608s ]
[ sql ] [ SQL ] INSERT INTO `ba_matching` (`good_id` , `city` , `name` , `sex` , `pattern` , `ageBracket` , `ownHouse` , `ownAutomobile` , `ownGuaranteeSlip` , `user_id` , `addtime`) VALUES (228 , '广州' , '郑' , '2' , 2 , '18岁以下' , 2 , 1 , 2 , 109 , '1533826224') [ RunTime:0.001197s ]
[ sql ] [ SQL ] SHOW COLUMNS FROM `ba_matching_pair` [ RunTime:0.000916s ]
[ sql ] [ SQL ] INSERT INTO `ba_matching_pair` (`matching_id` , `ageSection` , `education` , `weilidai` , `occupation` , `socialSecurity` , `accumulationFund` , `salary` , `license` , `runningWater` , `houseType` , `houseBuy` , `propertyValues` , `monthlyPayment` , `insuranceType` , `insurancePaymentMethod` , `insuranceAgeLimit` , `vehicleBuyType` , `vehiclePrice` , `vehicleAge`) VALUES (1149 , '18岁以下' , 1 , 1 , 1 , 2 , 2 , 2 , 0 , 0 , 0 , 0 , 0 , 0 , 0 , 0 , 0 , 2 , 50 , 2) [ RunTime:0.001824s ]
---------------------------------------------------------------
[ 2018-08-09T22:50:24+08:00 ] 117.136.79.52 POST /index.php/index/Pair/good
[ info ] test2.8haoqianzhuang.com/index.php/index/Pair/good [运行时间：0.060824s][吞吐率：16.44req/s] [内存消耗：1,724.44kb] [文件加载：46]
[ info ] [ LANG ] /data/wwwroot/default/zuanbaodai/bank8/thinkphp/lang/zh-cn.php
[ info ] [ ROUTE ] array (
  'type' => 'module',
  'module' => 
  array (
    0 => 'index',
    1 => 'Pair',
    2 => 'good',
  ),
)
[ info ] [ HEADER ] array (
  'cookie' => 'PHPSESSID=5cqae0il7io83qeit6b6tb4o47',
  'content-length' => '328',
  'connection' => 'keep-alive',
  'user-agent' => '8hao qian/2.1.2 (iPhone; iOS 10.3.3; Scale/2.00)',
  'deviceid' => '12E924D62D82420C98B5BE5DECCA40BD',
  'content-type' => 'application/x-www-form-urlencoded',
  'tokenid' => 'vB9F2oai6fcKlPOvOrnt109',
  'accept-encoding' => 'gzip, deflate',
  'accept-language' => 'zh-Hans-CN;q=1',
  'version' => '2.1.2',
  'accept' => '*/*',
  'host' => 'test2.8haoqianzhuang.com',
)
[ info ] [ PARAM ] array (
  'accumulationFund' => '2',
  'cityName' => '广州',
  'houseBuy' => '1',
  'houseType' => '1',
  'insuranceAgeLimit' => '0',
  'insurancePaymentMethod' => '0',
  'insuranceType' => '0',
  'license' => '0',
  'monthlyPayment' => '0',
  'occupation' => '1',
  'ownAutomobile' => '0',
  'ownGuaranteeSlip' => '1',
  'ownHouse' => '1',
  'pattern' => '1',
  'propertyValues' => '2',
  'runningWater' => '0',
  'salary' => '1',
  'socialSecurity' => '2',
  'vehicleAge' => '0',
  'vehicleBuyType' => '0',
  'vehiclePrice' => '',
)
[ info ] [ RUN ] app\index\controller\Pair->good[ /data/wwwroot/default/zuanbaodai/bank8/application/index/controller/Pair.php ]
[ info ] [ DB ] INIT mysql
[ info ] [ LOG ] INIT File
[ sql ] [ DB ] CONNECT:[ UseTime:0.000172s ] mysql:host=localhost;dbname=bank8s;charset=utf8
[ sql ] [ SQL ] SHOW COLUMNS FROM `ba_user` [ RunTime:0.001297s ]
[ sql ] [ SQL ] SELECT * FROM `ba_user` WHERE  `user_id` = 109 LIMIT 1 [ RunTime:0.000952s ]
[ sql ] [ SQL ] SHOW COLUMNS FROM `ba_good` [ RunTime:0.001210s ]
[ sql ] [ SQL ] SELECT `goodName`,`ba_good`.`good_id`,`goodtype`,`label`,`picture`,`bank`.`bankname`,`bank`.`logo`,`putaway`,`popularity`,`limit`,`accrual`,`hot` FROM `ba_good` LEFT JOIN `ba_goods_pair` `goods_pair` ON `ba_good`.`good_id`=`goods_pair`.`good_id` LEFT JOIN `ba_bank` `bank` ON `bankid`=`bank`.`b_id` WHERE  `goodtype` = 1  AND `city` LIKE '%广州%'  AND `putaway` = 1  AND `goods_pair`.`houseTypeGood` LIKE '%1%'  AND `goods_pair`.`houseBuyGood` LIKE '%1%'  AND `goods_pair`.`propertyValuesGood` LIKE '%2%' ORDER BY ratio asc [ RunTime:0.008237s ]
[ sql ] [ SQL ] SELECT `goodName`,`ba_good`.`good_id`,`goodtype`,`label`,`picture`,`bank`.`bankname`,`bank`.`logo`,`putaway`,`popularity`,`limit`,`accrual`,`hot` FROM `ba_good` LEFT JOIN `ba_goods_pair` `goods_pair` ON `ba_good`.`good_id`=`goods_pair`.`good_id` LEFT JOIN `ba_bank` `bank` ON `bankid`=`bank`.`b_id` WHERE  `goodtype` = 1  AND `city` LIKE '%广州%'  AND `putaway` = 1  AND `goods_pair`.`houseTypeGood` LIKE '%1%'  AND `goods_pair`.`houseBuyGood` LIKE '%1%'  AND `goods_pair`.`propertyValuesGood` LIKE '%2%' ORDER BY rand() LIMIT 10 [ RunTime:0.002578s ]
[ sql ] [ SQL ] SHOW COLUMNS FROM `ba_matching` [ RunTime:0.001890s ]
[ sql ] [ SQL ] INSERT INTO `ba_matching` (`good_id` , `city` , `name` , `sex` , `pattern` , `ageBracket` , `ownHouse` , `ownAutomobile` , `ownGuaranteeSlip` , `user_id` , `addtime`) VALUES (218 , '广州' , '郑' , '2' , 1 , '18岁以下' , 1 , 0 , 1 , 109 , '1533826224') [ RunTime:0.000839s ]
[ sql ] [ SQL ] SHOW COLUMNS FROM `ba_matching_pair` [ RunTime:0.001310s ]
[ sql ] [ SQL ] INSERT INTO `ba_matching_pair` (`matching_id` , `ageSection` , `education` , `weilidai` , `occupation` , `socialSecurity` , `accumulationFund` , `salary` , `license` , `runningWater` , `houseType` , `houseBuy` , `propertyValues` , `monthlyPayment` , `insuranceType` , `insurancePaymentMethod` , `insuranceAgeLimit` , `vehicleBuyType` , `vehiclePrice` , `vehicleAge`) VALUES (1150 , '18岁以下' , 1 , 1 , 1 , 2 , 2 , 1 , 0 , 0 , 1 , 1 , 2 , 0 , 0 , 0 , 0 , 0 , 0 , 0) [ RunTime:0.003254s ]
---------------------------------------------------------------
[ 2018-08-09T22:50:34+08:00 ] 180.88.13.187 POST /index.php/index/Matching/hint
[ info ] test2.8haoqianzhuang.com/index.php/index/Matching/hint [运行时间：0.023940s][吞吐率：41.77req/s] [内存消耗：1,947.46kb] [文件加载：46]
[ info ] [ LANG ] /data/wwwroot/default/zuanbaodai/bank8/thinkphp/lang/zh-cn.php
[ info ] [ ROUTE ] array (
  'type' => 'module',
  'module' => 
  array (
    0 => 'index',
    1 => 'Matching',
    2 => 'hint',
  ),
)
[ info ] [ HEADER ] array (
  'content-length' => '85',
  'accept-encoding' => 'gzip',
  'host' => 'test2.8haoqianzhuang.com',
  'user-agent' => 'Dalvik/2.1.0 (Linux; U; Android 8.0.0; LLD-AL00 Build/HONORLLD-AL00)',
  'content-type' => 'multipart/form-data;boundary=AAAMVIIZZZ',
  'accept-charset' => 'UTF-8',
  'charset' => 'UTF-8',
  'connection' => 'Keep-Alive',
  'version' => '2.5.0',
  'deviceid' => '305c6b382760b0f28WXNW18326000538',
  'tokenid' => 'qvUjtHrcaSV6n0Uzpxw0109',
)
[ info ] [ PARAM ] array (
  'good_id' => '228',
)
[ info ] [ RUN ] app\index\controller\Matching->hint[ /data/wwwroot/default/zuanbaodai/bank8/application/index/controller/Matching.php ]
[ info ] [ DB ] INIT mysql
[ info ] [ LOG ] INIT File
[ sql ] [ DB ] CONNECT:[ UseTime:0.000218s ] mysql:host=localhost;dbname=bank8s;charset=utf8
[ sql ] [ SQL ] SHOW COLUMNS FROM `ba_good` [ RunTime:0.000713s ]
[ sql ] [ SQL ] SELECT * FROM `ba_good` WHERE  `good_id` = 228 LIMIT 1 [ RunTime:0.000433s ]
---------------------------------------------------------------
[ 2018-08-09T22:50:34+08:00 ] 117.136.79.52 POST /index.php/index/order/order
[ info ] test2.8haoqianzhuang.com/index.php/index/order/order [运行时间：0.021779s][吞吐率：45.92req/s] [内存消耗：1,775.30kb] [文件加载：46]
[ info ] [ LANG ] /data/wwwroot/default/zuanbaodai/bank8/thinkphp/lang/zh-cn.php
[ info ] [ ROUTE ] array (
  'type' => 'module',
  'module' => 
  array (
    0 => 'index',
    1 => 'order',
    2 => 'order',
  ),
)
[ info ] [ HEADER ] array (
  'cookie' => 'PHPSESSID=5cqae0il7io83qeit6b6tb4o47',
  'content-length' => '28',
  'connection' => 'keep-alive',
  'user-agent' => '8hao qian/2.1.2 (iPhone; iOS 10.3.3; Scale/2.00)',
  'deviceid' => '12E924D62D82420C98B5BE5DECCA40BD',
  'content-type' => 'application/x-www-form-urlencoded',
  'tokenid' => 'vB9F2oai6fcKlPOvOrnt109',
  'accept-encoding' => 'gzip, deflate',
  'accept-language' => 'zh-Hans-CN;q=1',
  'version' => '2.1.2',
  'accept' => '*/*',
  'host' => 'test2.8haoqianzhuang.com',
)
[ info ] [ PARAM ] array (
  'good_id' => '218',
  'matching_id' => '1150',
)
[ info ] [ RUN ] app\index\controller\Order->order[ /data/wwwroot/default/zuanbaodai/bank8/application/index/controller/Order.php ]
[ info ] [ DB ] INIT mysql
[ info ] [ LOG ] INIT File
[ sql ] [ DB ] CONNECT:[ UseTime:0.000211s ] mysql:host=localhost;dbname=bank8s;charset=utf8
[ sql ] [ SQL ] SHOW COLUMNS FROM `ba_user` [ RunTime:0.000664s ]
[ sql ] [ SQL ] SELECT * FROM `ba_user` WHERE  `user_id` = 109 LIMIT 1 [ RunTime:0.000234s ]
---------------------------------------------------------------
[ 2018-08-09T22:50:34+08:00 ] 117.136.79.52 POST /index.php/index/user/usersTow
[ info ] test2.8haoqianzhuang.com/index.php/index/user/usersTow [运行时间：0.015191s][吞吐率：65.83req/s] [内存消耗：1,284.88kb] [文件加载：39]
[ info ] [ LANG ] /data/wwwroot/default/zuanbaodai/bank8/thinkphp/lang/zh-cn.php
[ info ] [ ROUTE ] array (
  'type' => 'module',
  'module' => 
  array (
    0 => 'index',
    1 => 'user',
    2 => 'usersTow',
  ),
)
[ info ] [ HEADER ] array (
  'cookie' => 'PHPSESSID=5cqae0il7io83qeit6b6tb4o47',
  'content-length' => '0',
  'connection' => 'keep-alive',
  'user-agent' => '8hao qian/2.1.2 (iPhone; iOS 10.3.3; Scale/2.00)',
  'deviceid' => '12E924D62D82420C98B5BE5DECCA40BD',
  'content-type' => 'application/x-www-form-urlencoded',
  'tokenid' => '',
  'accept-encoding' => 'gzip, deflate',
  'accept-language' => 'zh-Hans-CN;q=1',
  'version' => '2.1.2',
  'accept' => '*/*',
  'host' => 'test2.8haoqianzhuang.com',
)
[ info ] [ PARAM ] array (
)
[ info ] [ RUN ] app\index\controller\User->usersTow[ /data/wwwroot/default/zuanbaodai/bank8/application/index/controller/User.php ]
[ info ] [ LOG ] INIT File
---------------------------------------------------------------
[ 2018-08-09T22:50:40+08:00 ] 117.136.79.52 POST /index.php/index/Homepage/good
[ info ] test2.8haoqianzhuang.com/index.php/index/Homepage/good [运行时间：0.024966s][吞吐率：40.05req/s] [内存消耗：1,767.80kb] [文件加载：46]
[ info ] [ LANG ] /data/wwwroot/default/zuanbaodai/bank8/thinkphp/lang/zh-cn.php
[ info ] [ ROUTE ] array (
  'type' => 'module',
  'module' => 
  array (
    0 => 'index',
    1 => 'Homepage',
    2 => 'good',
  ),
)
[ info ] [ HEADER ] array (
  'cookie' => 'PHPSESSID=5cqae0il7io83qeit6b6tb4o47',
  'content-length' => '27',
  'connection' => 'keep-alive',
  'user-agent' => '8hao qian/2.1.2 (iPhone; iOS 10.3.3; Scale/2.00)',
  'deviceid' => '12E924D62D82420C98B5BE5DECCA40BD',
  'content-type' => 'application/x-www-form-urlencoded',
  'tokenid' => '',
  'accept-encoding' => 'gzip, deflate',
  'accept-language' => 'zh-Hans-CN;q=1',
  'version' => '2.1.2',
  'accept' => '*/*',
  'host' => 'test2.8haoqianzhuang.com',
)
[ info ] [ PARAM ] array (
  'cityName' => '广州',
)
[ info ] [ RUN ] app\index\controller\Homepage->good[ /data/wwwroot/default/zuanbaodai/bank8/application/index/controller/Homepage.php ]
[ info ] [ DB ] INIT mysql
[ info ] [ LOG ] INIT File
[ sql ] [ DB ] CONNECT:[ UseTime:0.000284s ] mysql:host=localhost;dbname=bank8s;charset=utf8
[ sql ] [ SQL ] SHOW COLUMNS FROM `ba_good` [ RunTime:0.000741s ]
[ sql ] [ SQL ] SELECT `goodName`,`good_id`,`goodtype`,`label`,`picture`,`bank`.`bankname`,`bank`.`logo`,`putaway`,`popularity`,`limit`,`accrual`,`hot` FROM `ba_good` LEFT JOIN `ba_bank` `bank` ON `bankid`=`bank`.`b_id` WHERE  `city` LIKE '%广州%'  AND `putaway` = 1 ORDER BY ratio asc LIMIT 6 [ RunTime:0.000303s ]
---------------------------------------------------------------
[ 2018-08-09T22:50:52+08:00 ] 117.136.79.52 POST /index.php/index/About/loginAbout
[ info ] test2.8haoqianzhuang.com/index.php/index/About/loginAbout [运行时间：0.014733s][吞吐率：67.87req/s] [内存消耗：1,163.45kb] [文件加载：39]
[ info ] [ LANG ] /data/wwwroot/default/zuanbaodai/bank8/thinkphp/lang/zh-cn.php
[ info ] [ ROUTE ] array (
  'type' => 'module',
  'module' => 
  array (
    0 => 'index',
    1 => 'About',
    2 => 'loginAbout',
  ),
)
[ info ] [ HEADER ] array (
  'cookie' => 'PHPSESSID=5cqae0il7io83qeit6b6tb4o47',
  'content-length' => '0',
  'connection' => 'keep-alive',
  'user-agent' => '8hao qian/2.1.2 (iPhone; iOS 10.3.3; Scale/2.00)',
  'deviceid' => '12E924D62D82420C98B5BE5DECCA40BD',
  'content-type' => 'application/x-www-form-urlencoded',
  'tokenid' => '',
  'accept-encoding' => 'gzip, deflate',
  'accept-language' => 'zh-Hans-CN;q=1',
  'version' => '2.1.2',
  'accept' => '*/*',
  'host' => 'test2.8haoqianzhuang.com',
)
[ info ] [ PARAM ] array (
)
[ info ] [ RUN ] app\index\controller\About->loginAbout[ /data/wwwroot/default/zuanbaodai/bank8/application/index/controller/About.php ]
[ info ] [ LOG ] INIT File
---------------------------------------------------------------
[ 2018-08-09T22:50:53+08:00 ] 117.136.79.52 POST /index.php/index/Homepage/good
[ info ] test2.8haoqianzhuang.com/index.php/index/Homepage/good [运行时间：0.022559s][吞吐率：44.33req/s] [内存消耗：1,767.80kb] [文件加载：46]
[ info ] [ LANG ] /data/wwwroot/default/zuanbaodai/bank8/thinkphp/lang/zh-cn.php
[ info ] [ ROUTE ] array (
  'type' => 'module',
  'module' => 
  array (
    0 => 'index',
    1 => 'Homepage',
    2 => 'good',
  ),
)
[ info ] [ HEADER ] array (
  'cookie' => 'PHPSESSID=5cqae0il7io83qeit6b6tb4o47',
  'content-length' => '27',
  'connection' => 'keep-alive',
  'user-agent' => '8hao qian/2.1.2 (iPhone; iOS 10.3.3; Scale/2.00)',
  'deviceid' => '12E924D62D82420C98B5BE5DECCA40BD',
  'content-type' => 'application/x-www-form-urlencoded',
  'tokenid' => '',
  'accept-encoding' => 'gzip, deflate',
  'accept-language' => 'zh-Hans-CN;q=1',
  'version' => '2.1.2',
  'accept' => '*/*',
  'host' => 'test2.8haoqianzhuang.com',
)
[ info ] [ PARAM ] array (
  'cityName' => '广州',
)
[ info ] [ RUN ] app\index\controller\Homepage->good[ /data/wwwroot/default/zuanbaodai/bank8/application/index/controller/Homepage.php ]
[ info ] [ DB ] INIT mysql
[ info ] [ LOG ] INIT File
[ sql ] [ DB ] CONNECT:[ UseTime:0.000213s ] mysql:host=localhost;dbname=bank8s;charset=utf8
[ sql ] [ SQL ] SHOW COLUMNS FROM `ba_good` [ RunTime:0.000702s ]
[ sql ] [ SQL ] SELECT `goodName`,`good_id`,`goodtype`,`label`,`picture`,`bank`.`bankname`,`bank`.`logo`,`putaway`,`popularity`,`limit`,`accrual`,`hot` FROM `ba_good` LEFT JOIN `ba_bank` `bank` ON `bankid`=`bank`.`b_id` WHERE  `city` LIKE '%广州%'  AND `putaway` = 1 ORDER BY ratio asc LIMIT 6 [ RunTime:0.000273s ]
---------------------------------------------------------------
[ 2018-08-09T22:57:56+08:00 ] 117.136.79.52 POST /index.php/index/About/loginAbout
[ info ] test2.8haoqianzhuang.com/index.php/index/About/loginAbout [运行时间：0.015379s][吞吐率：65.02req/s] [内存消耗：1,163.45kb] [文件加载：39]
[ info ] [ LANG ] /data/wwwroot/default/zuanbaodai/bank8/thinkphp/lang/zh-cn.php
[ info ] [ ROUTE ] array (
  'type' => 'module',
  'module' => 
  array (
    0 => 'index',
    1 => 'About',
    2 => 'loginAbout',
  ),
)
[ info ] [ HEADER ] array (
  'cookie' => 'PHPSESSID=5cqae0il7io83qeit6b6tb4o47',
  'content-length' => '0',
  'connection' => 'keep-alive',
  'user-agent' => '8hao qian/2.1.2 (iPhone; iOS 10.3.3; Scale/2.00)',
  'deviceid' => '12E924D62D82420C98B5BE5DECCA40BD',
  'content-type' => 'application/x-www-form-urlencoded',
  'tokenid' => '',
  'accept-encoding' => 'gzip, deflate',
  'accept-language' => 'zh-Hans-CN;q=1',
  'version' => '2.1.2',
  'accept' => '*/*',
  'host' => 'test2.8haoqianzhuang.com',
)
[ info ] [ PARAM ] array (
)
[ info ] [ RUN ] app\index\controller\About->loginAbout[ /data/wwwroot/default/zuanbaodai/bank8/application/index/controller/About.php ]
[ info ] [ LOG ] INIT File
---------------------------------------------------------------
[ 2018-08-09T22:57:57+08:00 ] 117.136.79.52 POST /index.php/index/Homepage/good
[ info ] test2.8haoqianzhuang.com/index.php/index/Homepage/good [运行时间：0.022285s][吞吐率：44.87req/s] [内存消耗：1,767.80kb] [文件加载：46]
[ info ] [ LANG ] /data/wwwroot/default/zuanbaodai/bank8/thinkphp/lang/zh-cn.php
[ info ] [ ROUTE ] array (
  'type' => 'module',
  'module' => 
  array (
    0 => 'index',
    1 => 'Homepage',
    2 => 'good',
  ),
)
[ info ] [ HEADER ] array (
  'cookie' => 'PHPSESSID=5cqae0il7io83qeit6b6tb4o47',
  'content-length' => '27',
  'connection' => 'keep-alive',
  'user-agent' => '8hao qian/2.1.2 (iPhone; iOS 10.3.3; Scale/2.00)',
  'deviceid' => '12E924D62D82420C98B5BE5DECCA40BD',
  'content-type' => 'application/x-www-form-urlencoded',
  'tokenid' => '',
  'accept-encoding' => 'gzip, deflate',
  'accept-language' => 'zh-Hans-CN;q=1',
  'version' => '2.1.2',
  'accept' => '*/*',
  'host' => 'test2.8haoqianzhuang.com',
)
[ info ] [ PARAM ] array (
  'cityName' => '广州',
)
[ info ] [ RUN ] app\index\controller\Homepage->good[ /data/wwwroot/default/zuanbaodai/bank8/application/index/controller/Homepage.php ]
[ info ] [ DB ] INIT mysql
[ info ] [ LOG ] INIT File
[ sql ] [ DB ] CONNECT:[ UseTime:0.000215s ] mysql:host=localhost;dbname=bank8s;charset=utf8
[ sql ] [ SQL ] SHOW COLUMNS FROM `ba_good` [ RunTime:0.000718s ]
[ sql ] [ SQL ] SELECT `goodName`,`good_id`,`goodtype`,`label`,`picture`,`bank`.`bankname`,`bank`.`logo`,`putaway`,`popularity`,`limit`,`accrual`,`hot` FROM `ba_good` LEFT JOIN `ba_bank` `bank` ON `bankid`=`bank`.`b_id` WHERE  `city` LIKE '%广州%'  AND `putaway` = 1 ORDER BY ratio asc LIMIT 6 [ RunTime:0.000292s ]
---------------------------------------------------------------
[ 2018-08-09T22:57:59+08:00 ] 117.136.79.52 POST /index.php/index/About/loginAbout
[ info ] test2.8haoqianzhuang.com/index.php/index/About/loginAbout [运行时间：0.014491s][吞吐率：69.01req/s] [内存消耗：1,163.45kb] [文件加载：39]
[ info ] [ LANG ] /data/wwwroot/default/zuanbaodai/bank8/thinkphp/lang/zh-cn.php
[ info ] [ ROUTE ] array (
  'type' => 'module',
  'module' => 
  array (
    0 => 'index',
    1 => 'About',
    2 => 'loginAbout',
  ),
)
[ info ] [ HEADER ] array (
  'cookie' => 'PHPSESSID=5cqae0il7io83qeit6b6tb4o47',
  'content-length' => '0',
  'connection' => 'keep-alive',
  'user-agent' => '8hao qian/2.1.2 (iPhone; iOS 10.3.3; Scale/2.00)',
  'deviceid' => '12E924D62D82420C98B5BE5DECCA40BD',
  'content-type' => 'application/x-www-form-urlencoded',
  'tokenid' => '',
  'accept-encoding' => 'gzip, deflate',
  'accept-language' => 'zh-Hans-CN;q=1',
  'version' => '2.1.2',
  'accept' => '*/*',
  'host' => 'test2.8haoqianzhuang.com',
)
[ info ] [ PARAM ] array (
)
[ info ] [ RUN ] app\index\controller\About->loginAbout[ /data/wwwroot/default/zuanbaodai/bank8/application/index/controller/About.php ]
[ info ] [ LOG ] INIT File
---------------------------------------------------------------
[ 2018-08-09T22:58:00+08:00 ] 117.136.79.52 POST /index.php/index/Homepage/good
[ info ] test2.8haoqianzhuang.com/index.php/index/Homepage/good [运行时间：0.023535s][吞吐率：42.49req/s] [内存消耗：1,767.80kb] [文件加载：46]
[ info ] [ LANG ] /data/wwwroot/default/zuanbaodai/bank8/thinkphp/lang/zh-cn.php
[ info ] [ ROUTE ] array (
  'type' => 'module',
  'module' => 
  array (
    0 => 'index',
    1 => 'Homepage',
    2 => 'good',
  ),
)
[ info ] [ HEADER ] array (
  'cookie' => 'PHPSESSID=5cqae0il7io83qeit6b6tb4o47',
  'content-length' => '27',
  'connection' => 'keep-alive',
  'user-agent' => '8hao qian/2.1.2 (iPhone; iOS 10.3.3; Scale/2.00)',
  'deviceid' => '12E924D62D82420C98B5BE5DECCA40BD',
  'content-type' => 'application/x-www-form-urlencoded',
  'tokenid' => '',
  'accept-encoding' => 'gzip, deflate',
  'accept-language' => 'zh-Hans-CN;q=1',
  'version' => '2.1.2',
  'accept' => '*/*',
  'host' => 'test2.8haoqianzhuang.com',
)
[ info ] [ PARAM ] array (
  'cityName' => '广州',
)
[ info ] [ RUN ] app\index\controller\Homepage->good[ /data/wwwroot/default/zuanbaodai/bank8/application/index/controller/Homepage.php ]
[ info ] [ DB ] INIT mysql
[ info ] [ LOG ] INIT File
[ sql ] [ DB ] CONNECT:[ UseTime:0.000217s ] mysql:host=localhost;dbname=bank8s;charset=utf8
[ sql ] [ SQL ] SHOW COLUMNS FROM `ba_good` [ RunTime:0.000702s ]
[ sql ] [ SQL ] SELECT `goodName`,`good_id`,`goodtype`,`label`,`picture`,`bank`.`bankname`,`bank`.`logo`,`putaway`,`popularity`,`limit`,`accrual`,`hot` FROM `ba_good` LEFT JOIN `ba_bank` `bank` ON `bankid`=`bank`.`b_id` WHERE  `city` LIKE '%广州%'  AND `putaway` = 1 ORDER BY ratio asc LIMIT 6 [ RunTime:0.000296s ]
