---------------------------------------------------------------
[ 2018-06-16T10:15:29+08:00 ] 167.99.109.226 GET /
[ info ] test2.8haoqianzhuang.com/ [运行时间：0.024666s][吞吐率：40.54req/s] [内存消耗：1,774.91kb] [文件加载：48]
[ info ] [ LANG ] /data/wwwroot/default/zuanbaodai/bank8/thinkphp/lang/zh-cn.php
[ info ] [ ROUTE ] array (
  'type' => 'module',
  'module' => 
  array (
    0 => '',
    1 => NULL,
    2 => NULL,
  ),
)
[ info ] [ HEADER ] array (
  'x-forwarded-for' => '167.99.109.226',
  'accept-encoding' => 'gzip,deflate,br',
  'user-agent' => 'Mozilla/5.0 (X11; Linux x86_64) AppleWebKit/537.36 (KHTML, like Gecko) Chrome/49.0.2623.75 Safari/537.36 Google Favicon',
  'accept' => 'text/html,application/xhtml+xml,application/xml;q=0.9,*/*;q=0.8',
  'connection' => 'keep-alive',
  'host' => 'test2.8haoqianzhuang.com',
  'content-type' => '',
  'content-length' => '',
)
[ info ] [ PARAM ] array (
)
[ info ] [ RUN ] app\index\controller\Index->index[ /data/wwwroot/default/zuanbaodai/bank8/application/index/controller/Index.php ]
[ info ] [ DB ] INIT mysql
[ info ] [ VIEW ] /data/wwwroot/default/zuanbaodai/bank8/public/../application/index/view/index/index.html [ array (
  0 => 'list',
  1 => 'res',
) ]
[ info ] [ LOG ] INIT File
[ sql ] [ DB ] CONNECT:[ UseTime:0.000219s ] mysql:host=localhost;dbname=bank8s;charset=utf8
[ sql ] [ SQL ] SHOW COLUMNS FROM `ba_issue` [ RunTime:0.000639s ]
[ sql ] [ SQL ] SELECT COUNT(*) AS tp_count FROM `ba_issue` WHERE  `state` = 1 LIMIT 1 [ RunTime:0.000197s ]
[ sql ] [ SQL ] SELECT `issue_id`,`headline` FROM `ba_issue` WHERE  `state` = 1 ORDER BY addtime desc LIMIT 0,5 [ RunTime:0.000174s ]
[ sql ] [ SQL ] SHOW COLUMNS FROM `ba_journalism` [ RunTime:0.000526s ]
[ sql ] [ SQL ] SELECT `journalism_id`,`picture`,`headline`,`webtext`,`addtime` FROM `ba_journalism` WHERE  `state` = 1 ORDER BY addtime desc LIMIT 1 [ RunTime:0.000175s ]
---------------------------------------------------------------
[ 2018-06-16T10:52:03+08:00 ] 106.11.242.236 GET /
[ info ] test2.8haoqianzhuang.com/ [运行时间：0.024490s][吞吐率：40.83req/s] [内存消耗：1,775.16kb] [文件加载：48]
[ info ] [ LANG ] /data/wwwroot/default/zuanbaodai/bank8/thinkphp/lang/zh-cn.php
[ info ] [ ROUTE ] array (
  'type' => 'module',
  'module' => 
  array (
    0 => '',
    1 => NULL,
    2 => NULL,
  ),
)
[ info ] [ HEADER ] array (
  'connection' => 'keep-alive',
  'accept' => 'text/html, image/gif, image/jpeg, *; q=.2, */*; q=.2',
  'host' => 'test2.8haoqianzhuang.com',
  'pragma' => 'no-cache',
  'cache-control' => 'no-cache',
  'user-agent' => 'Mozilla/5.0 (iPad; CPU OS 9_1 like Mac OS X) AppleWebKit/601.1.46 (KHTML, like Gecko) Version/9.0 Mobile/13B143 Safari/601.1',
  'accept-encoding' => 'gzip',
  'content-type' => '',
  'content-length' => '',
)
[ info ] [ PARAM ] array (
)
[ info ] [ RUN ] app\index\controller\Index->index[ /data/wwwroot/default/zuanbaodai/bank8/application/index/controller/Index.php ]
[ info ] [ DB ] INIT mysql
[ info ] [ VIEW ] /data/wwwroot/default/zuanbaodai/bank8/public/../application/index/view/index/index.html [ array (
  0 => 'list',
  1 => 'res',
) ]
[ info ] [ LOG ] INIT File
[ sql ] [ DB ] CONNECT:[ UseTime:0.000232s ] mysql:host=localhost;dbname=bank8s;charset=utf8
[ sql ] [ SQL ] SHOW COLUMNS FROM `ba_issue` [ RunTime:0.000617s ]
[ sql ] [ SQL ] SELECT COUNT(*) AS tp_count FROM `ba_issue` WHERE  `state` = 1 LIMIT 1 [ RunTime:0.000189s ]
[ sql ] [ SQL ] SELECT `issue_id`,`headline` FROM `ba_issue` WHERE  `state` = 1 ORDER BY addtime desc LIMIT 0,5 [ RunTime:0.000160s ]
[ sql ] [ SQL ] SHOW COLUMNS FROM `ba_journalism` [ RunTime:0.000521s ]
[ sql ] [ SQL ] SELECT `journalism_id`,`picture`,`headline`,`webtext`,`addtime` FROM `ba_journalism` WHERE  `state` = 1 ORDER BY addtime desc LIMIT 1 [ RunTime:0.000185s ]
