---------------------------------------------------------------
[ 2018-07-14T01:53:51+08:00 ] 101.199.110.108 GET /index.php/index/News/finance
[ info ] test2.8haoqianzhuang.com/index.php/index/News/finance [运行时间：0.133573s][吞吐率：7.49req/s] [内存消耗：1,110.80kb] [文件加载：40]
[ info ] [ LANG ] /data/wwwroot/default/zuanbaodai/bank8/thinkphp/lang/zh-cn.php
[ info ] [ ROUTE ] array (
  'type' => 'module',
  'module' => 
  array (
    0 => 'index',
    1 => 'News',
    2 => 'finance',
  ),
)
[ info ] [ HEADER ] array (
  'accept-charset' => 'iso-8859-1,*,utf-8',
  'accept-encoding' => 'gzip,deflate',
  'accept' => 'text/html,application/xhtml+xml,application/xml;q=0.9,*/*;q=0.8',
  'user-agent' => 'Mozilla/5.0 (Windows NT 6.1) AppleWebKit/537.36 (KHTML, like Gecko) Chrome/36.0.1985.125 Safari/537.36',
  'accept-language' => 'zh-CN,zh;q=0.8',
  'connection' => 'keep-alive',
  'host' => 'test2.8haoqianzhuang.com',
  'content-type' => '',
  'content-length' => '',
)
[ info ] [ PARAM ] array (
)
[ info ] [ RUN ] app\index\controller\News->finance[ /data/wwwroot/default/zuanbaodai/bank8/application/index/controller/News.php ]
[ info ] [ LOG ] INIT File
---------------------------------------------------------------
[ 2018-07-14T04:13:39+08:00 ] 220.181.132.191 GET /index.php/back/index/index.html
[ info ] test2.8haoqianzhuang.com/index.php/back/index/index.html [运行时间：0.014519s][吞吐率：68.88req/s] [内存消耗：1,125.77kb] [文件加载：40]
[ info ] [ LANG ] /data/wwwroot/default/zuanbaodai/bank8/thinkphp/lang/zh-cn.php
[ info ] [ ROUTE ] array (
  'type' => 'module',
  'module' => 
  array (
    0 => 'back',
    1 => 'index',
    2 => 'index',
  ),
)
[ info ] [ HEADER ] array (
  'accept-charset' => 'iso-8859-1,*,utf-8',
  'accept-encoding' => 'gzip,deflate',
  'accept' => 'text/html,application/xhtml+xml,application/xml;q=0.9,*/*;q=0.8',
  'user-agent' => 'Mozilla/5.0 (Windows NT 6.1) AppleWebKit/537.36 (KHTML, like Gecko) Chrome/36.0.1985.125 Safari/537.36',
  'accept-language' => 'zh-CN,zh;q=0.8',
  'connection' => 'keep-alive',
  'host' => 'test2.8haoqianzhuang.com',
  'content-type' => '',
  'content-length' => '',
)
[ info ] [ PARAM ] array (
)
[ info ] [ RUN ] app\back\controller\Index->index[ /data/wwwroot/default/zuanbaodai/bank8/application/back/controller/Index.php ]
[ info ] [ SESSION ] INIT array (
  'id' => '',
  'var_session_id' => '',
  'prefix' => 'think',
  'type' => '',
  'auto_start' => true,
)
[ info ] [ VIEW ] /data/wwwroot/default/zuanbaodai/bank8/thinkphp/tpl/dispatch_jump.tpl [ array (
  0 => 'code',
  1 => 'msg',
  2 => 'data',
  3 => 'url',
  4 => 'wait',
) ]
[ info ] [ LOG ] INIT File
---------------------------------------------------------------
[ 2018-07-14T04:13:42+08:00 ] 220.181.132.191 GET /index.php/back/index/login.html
[ info ] test2.8haoqianzhuang.com/index.php/back/index/login.html [运行时间：0.013708s][吞吐率：72.95req/s] [内存消耗：1,078.27kb] [文件加载：38]
[ info ] [ LANG ] /data/wwwroot/default/zuanbaodai/bank8/thinkphp/lang/zh-cn.php
[ info ] [ ROUTE ] array (
  'type' => 'module',
  'module' => 
  array (
    0 => 'back',
    1 => 'index',
    2 => 'login',
  ),
)
[ info ] [ HEADER ] array (
  'cookie' => 'PHPSESSID=11tbmkltqs5tajrdjr9emhmdv6',
  'accept-charset' => 'iso-8859-1,*,utf-8',
  'accept-language' => 'en-us,en',
  'accept-encoding' => 'gzip,deflate',
  'referer' => 'http://test2.8haoqianzhuang.com/index.php/back/index/index.html',
  'accept' => 'text/html,application/xhtml+xml,application/xml;q=0.9,*/*;q=0.8',
  'user-agent' => 'Mozilla/5.0 (Windows NT 6.1) AppleWebKit/537.36 (KHTML, like Gecko) Chrome/36.0.1985.125 Safari/537.36',
  'connection' => 'keep-alive',
  'host' => 'test2.8haoqianzhuang.com',
  'content-type' => '',
  'content-length' => '',
)
[ info ] [ PARAM ] array (
)
[ info ] [ RUN ] app\back\controller\Index->login[ /data/wwwroot/default/zuanbaodai/bank8/application/back/controller/Index.php ]
[ info ] [ VIEW ] /data/wwwroot/default/zuanbaodai/bank8/public/../application/back/view/index/login.html [ array (
) ]
[ info ] [ LOG ] INIT File
---------------------------------------------------------------
[ 2018-07-14T18:53:24+08:00 ] 106.11.227.185 GET /
[ info ] test2.8haoqianzhuang.com/ [运行时间：0.024503s][吞吐率：40.81req/s] [内存消耗：1,774.67kb] [文件加载：48]
[ info ] [ LANG ] /data/wwwroot/default/zuanbaodai/bank8/thinkphp/lang/zh-cn.php
[ info ] [ ROUTE ] array (
  'type' => 'module',
  'module' => 
  array (
    0 => '',
    1 => NULL,
    2 => NULL,
  ),
)
[ info ] [ HEADER ] array (
  'connection' => 'keep-alive',
  'accept' => 'text/html, image/gif, image/jpeg, *; q=.2, */*; q=.2',
  'host' => 'test2.8haoqianzhuang.com',
  'pragma' => 'no-cache',
  'cache-control' => 'no-cache',
  'user-agent' => 'Mozilla/5.0 (iPad; CPU OS 9_1 like Mac OS X) AppleWebKit/601.1.46 (KHTML, like Gecko) Version/9.0 Mobile/13B143 Safari/601.1',
  'accept-encoding' => 'gzip',
  'content-type' => '',
  'content-length' => '',
)
[ info ] [ PARAM ] array (
)
[ info ] [ RUN ] app\index\controller\Index->index[ /data/wwwroot/default/zuanbaodai/bank8/application/index/controller/Index.php ]
[ info ] [ DB ] INIT mysql
[ info ] [ VIEW ] /data/wwwroot/default/zuanbaodai/bank8/public/../application/index/view/index/index.html [ array (
  0 => 'list',
  1 => 'res',
) ]
[ info ] [ LOG ] INIT File
[ sql ] [ DB ] CONNECT:[ UseTime:0.000216s ] mysql:host=localhost;dbname=bank8s;charset=utf8
[ sql ] [ SQL ] SHOW COLUMNS FROM `ba_issue` [ RunTime:0.000651s ]
[ sql ] [ SQL ] SELECT COUNT(*) AS tp_count FROM `ba_issue` WHERE  `state` = 1 LIMIT 1 [ RunTime:0.000186s ]
[ sql ] [ SQL ] SELECT `issue_id`,`headline` FROM `ba_issue` WHERE  `state` = 1 ORDER BY addtime desc LIMIT 0,5 [ RunTime:0.000156s ]
[ sql ] [ SQL ] SHOW COLUMNS FROM `ba_journalism` [ RunTime:0.000495s ]
[ sql ] [ SQL ] SELECT `journalism_id`,`picture`,`headline`,`webtext`,`addtime` FROM `ba_journalism` WHERE  `state` = 1 ORDER BY addtime desc LIMIT 1 [ RunTime:0.000200s ]
