---------------------------------------------------------------
[ 2018-07-22T01:58:05+08:00 ] 101.226.89.12 GET /
[ info ] test2.8haoqianzhuang.com/ [运行时间：0.024626s][吞吐率：40.61req/s] [内存消耗：1,774.17kb] [文件加载：48]
[ info ] [ LANG ] /data/wwwroot/default/zuanbaodai/bank8/thinkphp/lang/zh-cn.php
[ info ] [ ROUTE ] array (
  'type' => 'module',
  'module' => 
  array (
    0 => '',
    1 => NULL,
    2 => NULL,
  ),
)
[ info ] [ HEADER ] array (
  'user-agent' => 'Mozilla/5.0 (Windows; U; Windows NT 6.1; en-US; rv:1.9.1.6) Gecko/20091201 Firefox/3.5	.6',
  'connection' => 'close',
  'host' => 'test2.8haoqianzhuang.com',
  'accept-encoding' => 'identity',
  'content-type' => '',
  'content-length' => '',
)
[ info ] [ PARAM ] array (
)
[ info ] [ RUN ] app\index\controller\Index->index[ /data/wwwroot/default/zuanbaodai/bank8/application/index/controller/Index.php ]
[ info ] [ DB ] INIT mysql
[ info ] [ VIEW ] /data/wwwroot/default/zuanbaodai/bank8/public/../application/index/view/index/index.html [ array (
  0 => 'list',
  1 => 'res',
) ]
[ info ] [ LOG ] INIT File
[ sql ] [ DB ] CONNECT:[ UseTime:0.000234s ] mysql:host=localhost;dbname=bank8s;charset=utf8
[ sql ] [ SQL ] SHOW COLUMNS FROM `ba_issue` [ RunTime:0.000681s ]
[ sql ] [ SQL ] SELECT COUNT(*) AS tp_count FROM `ba_issue` WHERE  `state` = 1 LIMIT 1 [ RunTime:0.000192s ]
[ sql ] [ SQL ] SELECT `issue_id`,`headline` FROM `ba_issue` WHERE  `state` = 1 ORDER BY addtime desc LIMIT 0,5 [ RunTime:0.000160s ]
[ sql ] [ SQL ] SHOW COLUMNS FROM `ba_journalism` [ RunTime:0.000505s ]
[ sql ] [ SQL ] SELECT `journalism_id`,`picture`,`headline`,`webtext`,`addtime` FROM `ba_journalism` WHERE  `state` = 1 ORDER BY addtime desc LIMIT 1 [ RunTime:0.000189s ]
---------------------------------------------------------------
[ 2018-07-22T05:00:47+08:00 ] 118.31.249.176 GET /
[ info ] test2.8haoqianzhuang.com/ [运行时间：0.025250s][吞吐率：39.60req/s] [内存消耗：1,774.37kb] [文件加载：48]
[ info ] [ LANG ] /data/wwwroot/default/zuanbaodai/bank8/thinkphp/lang/zh-cn.php
[ info ] [ ROUTE ] array (
  'type' => 'module',
  'module' => 
  array (
    0 => '',
    1 => NULL,
    2 => NULL,
  ),
)
[ info ] [ HEADER ] array (
  'accept-language' => 'zh-CN,zh;q=0.8',
  'connection' => 'keep-alive',
  'accept' => '*/*',
  'accept-encoding' => 'gzip, deflate',
  'user-agent' => 'Mozilla/5.0 (Windows NT 10.0; Win64; x64) AppleWebKit/537.36 (KHTML, like Gecko) Chrome/66.6.2333.33 Safari/537.36',
  'host' => 'test2.8haoqianzhuang.com',
  'content-type' => '',
  'content-length' => '',
)
[ info ] [ PARAM ] array (
)
[ info ] [ RUN ] app\index\controller\Index->index[ /data/wwwroot/default/zuanbaodai/bank8/application/index/controller/Index.php ]
[ info ] [ DB ] INIT mysql
[ info ] [ VIEW ] /data/wwwroot/default/zuanbaodai/bank8/public/../application/index/view/index/index.html [ array (
  0 => 'list',
  1 => 'res',
) ]
[ info ] [ LOG ] INIT File
[ sql ] [ DB ] CONNECT:[ UseTime:0.000216s ] mysql:host=localhost;dbname=bank8s;charset=utf8
[ sql ] [ SQL ] SHOW COLUMNS FROM `ba_issue` [ RunTime:0.000673s ]
[ sql ] [ SQL ] SELECT COUNT(*) AS tp_count FROM `ba_issue` WHERE  `state` = 1 LIMIT 1 [ RunTime:0.000191s ]
[ sql ] [ SQL ] SELECT `issue_id`,`headline` FROM `ba_issue` WHERE  `state` = 1 ORDER BY addtime desc LIMIT 0,5 [ RunTime:0.000158s ]
[ sql ] [ SQL ] SHOW COLUMNS FROM `ba_journalism` [ RunTime:0.000518s ]
[ sql ] [ SQL ] SELECT `journalism_id`,`picture`,`headline`,`webtext`,`addtime` FROM `ba_journalism` WHERE  `state` = 1 ORDER BY addtime desc LIMIT 1 [ RunTime:0.000179s ]
---------------------------------------------------------------
[ 2018-07-22T18:30:14+08:00 ] 106.11.226.40 GET /
[ info ] test2.8haoqianzhuang.com/ [运行时间：0.025288s][吞吐率：39.54req/s] [内存消耗：1,774.67kb] [文件加载：48]
[ info ] [ LANG ] /data/wwwroot/default/zuanbaodai/bank8/thinkphp/lang/zh-cn.php
[ info ] [ ROUTE ] array (
  'type' => 'module',
  'module' => 
  array (
    0 => '',
    1 => NULL,
    2 => NULL,
  ),
)
[ info ] [ HEADER ] array (
  'connection' => 'keep-alive',
  'accept' => 'text/html, image/gif, image/jpeg, *; q=.2, */*; q=.2',
  'host' => 'test2.8haoqianzhuang.com',
  'pragma' => 'no-cache',
  'cache-control' => 'no-cache',
  'user-agent' => 'Mozilla/5.0 (iPad; CPU OS 9_1 like Mac OS X) AppleWebKit/601.1.46 (KHTML, like Gecko) Version/9.0 Mobile/13B143 Safari/601.1',
  'accept-encoding' => 'gzip',
  'content-type' => '',
  'content-length' => '',
)
[ info ] [ PARAM ] array (
)
[ info ] [ RUN ] app\index\controller\Index->index[ /data/wwwroot/default/zuanbaodai/bank8/application/index/controller/Index.php ]
[ info ] [ DB ] INIT mysql
[ info ] [ VIEW ] /data/wwwroot/default/zuanbaodai/bank8/public/../application/index/view/index/index.html [ array (
  0 => 'list',
  1 => 'res',
) ]
[ info ] [ LOG ] INIT File
[ sql ] [ DB ] CONNECT:[ UseTime:0.000244s ] mysql:host=localhost;dbname=bank8s;charset=utf8
[ sql ] [ SQL ] SHOW COLUMNS FROM `ba_issue` [ RunTime:0.000673s ]
[ sql ] [ SQL ] SELECT COUNT(*) AS tp_count FROM `ba_issue` WHERE  `state` = 1 LIMIT 1 [ RunTime:0.000192s ]
[ sql ] [ SQL ] SELECT `issue_id`,`headline` FROM `ba_issue` WHERE  `state` = 1 ORDER BY addtime desc LIMIT 0,5 [ RunTime:0.000160s ]
[ sql ] [ SQL ] SHOW COLUMNS FROM `ba_journalism` [ RunTime:0.000499s ]
[ sql ] [ SQL ] SELECT `journalism_id`,`picture`,`headline`,`webtext`,`addtime` FROM `ba_journalism` WHERE  `state` = 1 ORDER BY addtime desc LIMIT 1 [ RunTime:0.000198s ]
